c:\users\libin\documents\visual studio 2015\projects\qtdemo\qtdemo\x64\release\qrc_qtdemo.obj
c:\users\libin\documents\visual studio 2015\projects\qtdemo\qtdemo\x64\release\task.obj
c:\users\libin\documents\visual studio 2015\projects\qtdemo\qtdemo\x64\release\qtdemo.obj
c:\users\libin\documents\visual studio 2015\projects\qtdemo\qtdemo\x64\release\picture_convert.obj
c:\users\libin\documents\visual studio 2015\projects\qtdemo\qtdemo\x64\release\main.obj
c:\users\libin\documents\visual studio 2015\projects\qtdemo\qtdemo\x64\release\moc_task.obj
c:\users\libin\documents\visual studio 2015\projects\qtdemo\qtdemo\x64\release\moc_qtdemo.obj
c:\users\libin\documents\visual studio 2015\projects\qtdemo\qtdemo\generatedfiles\qrc_qtdemo.cpp
c:\users\libin\documents\visual studio 2015\projects\qtdemo\qtdemo\generatedfiles\release\moc_qtdemo.cpp
c:\users\libin\documents\visual studio 2015\projects\qtdemo\qtdemo\generatedfiles\ui_qtdemo.h
c:\users\libin\documents\visual studio 2015\projects\qtdemo\qtdemo\generatedfiles\release\moc_task.cpp
c:\users\libin\documents\visual studio 2015\projects\qtdemo\x64\release\qtdemo.exe
c:\users\libin\documents\visual studio 2015\projects\qtdemo\qtdemo\x64\release\qtdemo.res
c:\users\libin\documents\visual studio 2015\projects\qtdemo\qtdemo\x64\release\qtdemo.tlog\cl.command.1.tlog
c:\users\libin\documents\visual studio 2015\projects\qtdemo\qtdemo\x64\release\qtdemo.tlog\cl.read.1.tlog
c:\users\libin\documents\visual studio 2015\projects\qtdemo\qtdemo\x64\release\qtdemo.tlog\cl.write.1.tlog
c:\users\libin\documents\visual studio 2015\projects\qtdemo\qtdemo\x64\release\qtdemo.tlog\custombuild.command.1.tlog
c:\users\libin\documents\visual studio 2015\projects\qtdemo\qtdemo\x64\release\qtdemo.tlog\custombuild.read.1.tlog
c:\users\libin\documents\visual studio 2015\projects\qtdemo\qtdemo\x64\release\qtdemo.tlog\custombuild.write.1.tlog
c:\users\libin\documents\visual studio 2015\projects\qtdemo\qtdemo\x64\release\qtdemo.tlog\link.command.1.tlog
c:\users\libin\documents\visual studio 2015\projects\qtdemo\qtdemo\x64\release\qtdemo.tlog\link.read.1.tlog
c:\users\libin\documents\visual studio 2015\projects\qtdemo\qtdemo\x64\release\qtdemo.tlog\link.write.1.tlog
c:\users\libin\documents\visual studio 2015\projects\qtdemo\qtdemo\x64\release\qtdemo.tlog\rc.command.1.tlog
c:\users\libin\documents\visual studio 2015\projects\qtdemo\qtdemo\x64\release\qtdemo.tlog\rc.read.1.tlog
c:\users\libin\documents\visual studio 2015\projects\qtdemo\qtdemo\x64\release\qtdemo.tlog\rc.write.1.tlog
